TN:
SF:src\services\slices\constructor-slice.ts
FN:21,setBun
FN:25,reducer
FN:28,prepare
FN:35,removeIngredient
FN:40,clearConstructor
FN:45,moveIngredient
FNF:6
FNH:5
FNDA:1,setBun
FNDA:1,reducer
FNDA:1,prepare
FNDA:1,removeIngredient
FNDA:1,clearConstructor
FNDA:0,moveIngredient
DA:1,1
DA:2,1
DA:3,1
DA:4,1
DA:5,1
DA:6,1
DA:7,1
DA:8,1
DA:9,1
DA:10,1
DA:11,1
DA:12,1
DA:13,1
DA:14,1
DA:15,1
DA:16,1
DA:17,1
DA:18,1
DA:19,1
DA:20,1
DA:21,1
DA:22,1
DA:23,1
DA:24,1
DA:25,1
DA:26,1
DA:27,1
DA:28,1
DA:29,1
DA:30,1
DA:31,1
DA:32,1
DA:33,1
DA:34,1
DA:35,1
DA:36,1
DA:37,1
DA:38,1
DA:39,1
DA:40,1
DA:41,1
DA:42,1
DA:43,1
DA:44,1
DA:45,1
DA:46,0
DA:47,0
DA:48,0
DA:49,0
DA:50,0
DA:51,1
DA:52,1
DA:53,1
DA:54,1
DA:55,1
DA:56,1
DA:57,1
DA:58,1
DA:59,1
DA:60,1
DA:61,1
DA:62,1
LF:62
LH:57
BRDA:21,0,0,1
BRDA:25,1,0,1
BRDA:28,2,0,1
BRDA:35,3,0,1
BRDA:37,4,0,1
BRDA:40,5,0,1
BRF:6
BRH:6
end_of_record
